Started GET "/" for ::1 at 2019-10-09 10:29:47 +0600
Processing by Rails::WelcomeController#index as HTML
  Rendering /home/maxim/.rbenv/versions/2.5.0/lib/ruby/gems/2.5.0/gems/railties-5.2.3/lib/rails/templates/rails/welcome/index.html.erb
  Rendered /home/maxim/.rbenv/versions/2.5.0/lib/ruby/gems/2.5.0/gems/railties-5.2.3/lib/rails/templates/rails/welcome/index.html.erb (11.3ms)
Completed 200 OK in 59ms (Views: 42.9ms | ActiveRecord: 0.0ms)


  [1m[35m (0.1ms)[0m  [1m[34mSELECT sqlite_version(*)[0m
  ↳ bin/rails:9
  [1m[35m (119.2ms)[0m  [1m[35mCREATE TABLE "schema_migrations" ("version" varchar NOT NULL PRIMARY KEY)[0m
  ↳ bin/rails:9
  [1m[35m (71.8ms)[0m  [1m[35mCREATE TABLE "ar_internal_metadata" ("key" varchar NOT NULL PRIMARY KEY, "value" varchar, "created_at" datetime NOT NULL, "updated_at" datetime NOT NULL)[0m
  ↳ bin/rails:9
  [1m[35m (0.2ms)[0m  [1m[34mSELECT "schema_migrations"."version" FROM "schema_migrations" ORDER BY "schema_migrations"."version" ASC[0m
  ↳ bin/rails:9
Migrating to CreatePlayers (20191009044545)
  [1m[35m (0.1ms)[0m  [1m[36mbegin transaction[0m
  ↳ bin/rails:9
  [1m[35m (0.6ms)[0m  [1m[35mCREATE TABLE "players" ("id" integer PRIMARY KEY AUTOINCREMENT NOT NULL, "name" varchar, "string" varchar, "created_at" datetime NOT NULL, "updated_at" datetime NOT NULL)[0m
  ↳ db/migrate/20191009044545_create_players.rb:3
  [1m[36mActiveRecord::SchemaMigration Create (0.2ms)[0m  [1m[32mINSERT INTO "schema_migrations" ("version") VALUES (?)[0m  [["version", "20191009044545"]]
  ↳ bin/rails:9
  [1m[35m (109.5ms)[0m  [1m[36mcommit transaction[0m
  ↳ bin/rails:9
Migrating to CreateMatches (20191009044559)
  [1m[35m (0.1ms)[0m  [1m[36mbegin transaction[0m
  ↳ bin/rails:9
  [1m[35m (0.7ms)[0m  [1m[35mCREATE TABLE "matches" ("id" integer PRIMARY KEY AUTOINCREMENT NOT NULL, "name" varchar, "created_at" datetime NOT NULL, "updated_at" datetime NOT NULL)[0m
  ↳ db/migrate/20191009044559_create_matches.rb:3
  [1m[36mActiveRecord::SchemaMigration Create (0.3ms)[0m  [1m[32mINSERT INTO "schema_migrations" ("version") VALUES (?)[0m  [["version", "20191009044559"]]
  ↳ bin/rails:9
  [1m[35m (76.0ms)[0m  [1m[36mcommit transaction[0m
  ↳ bin/rails:9
Migrating to CreateMatchesPlayers (20191009044856)
  [1m[35m (0.1ms)[0m  [1m[36mbegin transaction[0m
  ↳ bin/rails:9
  [1m[35m (0.8ms)[0m  [1m[35mCREATE TABLE "matches_players" ("id" integer PRIMARY KEY AUTOINCREMENT NOT NULL, "player_id" integer, "match_id" integer, "created_at" datetime NOT NULL, "updated_at" datetime NOT NULL, CONSTRAINT "fk_rails_2dcb86cde6"
FOREIGN KEY ("player_id")
  REFERENCES "players" ("id")
, CONSTRAINT "fk_rails_c1bb9d7414"
FOREIGN KEY ("match_id")
  REFERENCES "matches" ("id")
)[0m
  ↳ db/migrate/20191009044856_create_matches_players.rb:3
  [1m[35m (0.3ms)[0m  [1m[35mCREATE  INDEX "index_matches_players_on_player_id" ON "matches_players" ("player_id")[0m
  ↳ db/migrate/20191009044856_create_matches_players.rb:3
  [1m[35m (0.3ms)[0m  [1m[35mCREATE  INDEX "index_matches_players_on_match_id" ON "matches_players" ("match_id")[0m
  ↳ db/migrate/20191009044856_create_matches_players.rb:3
  [1m[36mActiveRecord::SchemaMigration Create (0.3ms)[0m  [1m[32mINSERT INTO "schema_migrations" ("version") VALUES (?)[0m  [["version", "20191009044856"]]
  ↳ bin/rails:9
  [1m[35m (82.3ms)[0m  [1m[36mcommit transaction[0m
  ↳ bin/rails:9
Migrating to CreateMetrics (20191009045658)
  [1m[35m (0.1ms)[0m  [1m[36mbegin transaction[0m
  ↳ bin/rails:9
  [1m[35m (0.9ms)[0m  [1m[35mCREATE TABLE "metrics" ("id" integer PRIMARY KEY AUTOINCREMENT NOT NULL, "name" varchar, "created_at" datetime NOT NULL, "updated_at" datetime NOT NULL)[0m
  ↳ db/migrate/20191009045658_create_metrics.rb:3
  [1m[36mActiveRecord::SchemaMigration Create (0.4ms)[0m  [1m[32mINSERT INTO "schema_migrations" ("version") VALUES (?)[0m  [["version", "20191009045658"]]
  ↳ bin/rails:9
  [1m[35m (75.0ms)[0m  [1m[36mcommit transaction[0m
  ↳ bin/rails:9
Migrating to CreateMetricsPlayers (20191009045811)
  [1m[35m (0.1ms)[0m  [1m[36mbegin transaction[0m
  ↳ bin/rails:9
  [1m[35m (0.4ms)[0m  [1m[35mCREATE TABLE "metrics_players" ("id" integer PRIMARY KEY AUTOINCREMENT NOT NULL, "player_id" integer, "metric_id" integer, "created_at" datetime NOT NULL, "updated_at" datetime NOT NULL, CONSTRAINT "fk_rails_f2251f35c2"
FOREIGN KEY ("player_id")
  REFERENCES "players" ("id")
, CONSTRAINT "fk_rails_846d2c04e0"
FOREIGN KEY ("metric_id")
  REFERENCES "metrics" ("id")
)[0m
  ↳ db/migrate/20191009045811_create_metrics_players.rb:3
  [1m[35m (0.1ms)[0m  [1m[35mCREATE  INDEX "index_metrics_players_on_player_id" ON "metrics_players" ("player_id")[0m
  ↳ db/migrate/20191009045811_create_metrics_players.rb:3
  [1m[35m (0.1ms)[0m  [1m[35mCREATE  INDEX "index_metrics_players_on_metric_id" ON "metrics_players" ("metric_id")[0m
  ↳ db/migrate/20191009045811_create_metrics_players.rb:3
  [1m[36mActiveRecord::SchemaMigration Create (0.1ms)[0m  [1m[32mINSERT INTO "schema_migrations" ("version") VALUES (?)[0m  [["version", "20191009045811"]]
  ↳ bin/rails:9
  [1m[35m (62.4ms)[0m  [1m[36mcommit transaction[0m
  ↳ bin/rails:9
  [1m[36mActiveRecord::InternalMetadata Load (0.1ms)[0m  [1m[34mSELECT  "ar_internal_metadata".* FROM "ar_internal_metadata" WHERE "ar_internal_metadata"."key" = ? LIMIT ?[0m  [["key", "environment"], ["LIMIT", 1]]
  ↳ bin/rails:9
  [1m[35m (0.0ms)[0m  [1m[36mbegin transaction[0m
  ↳ bin/rails:9
  [1m[36mActiveRecord::InternalMetadata Create (0.2ms)[0m  [1m[32mINSERT INTO "ar_internal_metadata" ("key", "value", "created_at", "updated_at") VALUES (?, ?, ?, ?)[0m  [["key", "environment"], ["value", "development"], ["created_at", "2019-10-09 04:59:30.442622"], ["updated_at", "2019-10-09 04:59:30.442622"]]
  ↳ bin/rails:9
  [1m[35m (52.3ms)[0m  [1m[36mcommit transaction[0m
  ↳ bin/rails:9
  [1m[35m (0.1ms)[0m  [1m[34mSELECT "schema_migrations"."version" FROM "schema_migrations" ORDER BY "schema_migrations"."version" ASC[0m
  ↳ bin/rails:9
